<?xml version="1.0" encoding="UTF-8"?>
<!-- Generated by org.testng.reporters.JUnitReportReporter -->
<testsuite hostname="Baskar-PC" failures="0" tests="2" name="Revision.Test3" time="0.054" errors="0" timestamp="2025-10-22T22:38:29 IST" skipped="0">
  <testcase classname="Revision.Test3" name="softAssert" time="0.023"/>
  <testcase classname="Revision.Test3" name="hardAssert" time="0.031"/>
</testsuite> <!-- Revision.Test3 -->
