<?xml version="1.0" encoding="UTF-8"?>
<!-- Generated by org.testng.reporters.JUnitReportReporter -->
<testsuite hostname="Baskar-PC" failures="0" tests="3" name="Revision.Test1" time="0.027" errors="0" timestamp="2025-10-22T22:57:53 IST" skipped="0">
  <testcase classname="Revision.Test1" name="login" time="0.020"/>
  <testcase classname="Revision.Test1" name="search" time="0.002"/>
  <testcase classname="Revision.Test1" name="dounload" time="0.005"/>
</testsuite> <!-- Revision.Test1 -->
