<?xml version="1.0" encoding="UTF-8"?>
<!-- Generated by org.testng.reporters.JUnitReportReporter -->
<testsuite hostname="Baskar-PC" failures="0" tests="1" name="com.runner.TestRunner" time="5.536" errors="0" timestamp="2025-10-22T21:22:29 IST" skipped="0">
  <testcase classname="com.runner.TestRunner" name="login" time="5.536"/>
</testsuite> <!-- com.runner.TestRunner -->
