<?xml version="1.0" encoding="UTF-8"?>
<!-- Generated by org.testng.reporters.JUnitReportReporter -->
<testsuite hostname="Baskar-PC" failures="0" tests="5" name="Revision.Test2" time="0.036" errors="0" timestamp="2025-10-22T22:56:52 IST" skipped="0">
  <testcase classname="Revision.Test2" name="password" time="0.003"/>
  <testcase classname="Revision.Test2" name="selectbrowser" time="0.003"/>
  <testcase classname="Revision.Test2" name="laptop" time="0.024"/>
  <testcase classname="Revision.Test2" name="dounload" time="0.002"/>
  <testcase classname="Revision.Test2" name="selectjdk" time="0.004"/>
</testsuite> <!-- Revision.Test2 -->
